2025-02-18 22:57:19,865 - INFO - Cumulative data for CPC code B64C: [(2014, 125), (2015, 486), (2016, 985), (2017, 1206), (2018, 1226)]
2025-02-18 23:02:32,897 - INFO - Use pytorch device_name: cpu
2025-02-18 23:02:32,898 - INFO - Load pretrained SentenceTransformer: all-mpnet-base-v2
2025-02-18 23:02:32,904 - DEBUG - Starting new HTTPS connection (1): huggingface.co:443
2025-02-18 23:02:33,967 - DEBUG - https://huggingface.co:443 "HEAD /sentence-transformers/all-mpnet-base-v2/resolve/main/modules.json HTTP/1.1" 200 0
2025-02-18 23:02:34,132 - DEBUG - https://huggingface.co:443 "HEAD /sentence-transformers/all-mpnet-base-v2/resolve/main/config_sentence_transformers.json HTTP/1.1" 200 0
2025-02-18 23:02:34,301 - DEBUG - https://huggingface.co:443 "HEAD /sentence-transformers/all-mpnet-base-v2/resolve/main/README.md HTTP/1.1" 200 0
2025-02-18 23:02:34,464 - DEBUG - https://huggingface.co:443 "HEAD /sentence-transformers/all-mpnet-base-v2/resolve/main/modules.json HTTP/1.1" 200 0
2025-02-18 23:02:34,628 - DEBUG - https://huggingface.co:443 "HEAD /sentence-transformers/all-mpnet-base-v2/resolve/main/sentence_bert_config.json HTTP/1.1" 200 0
2025-02-18 23:02:34,788 - DEBUG - https://huggingface.co:443 "HEAD /sentence-transformers/all-mpnet-base-v2/resolve/main/config.json HTTP/1.1" 200 0
2025-02-18 23:02:35,859 - DEBUG - https://huggingface.co:443 "HEAD /sentence-transformers/all-mpnet-base-v2/resolve/main/tokenizer_config.json HTTP/1.1" 200 0
2025-02-18 23:02:36,392 - DEBUG - https://huggingface.co:443 "GET /api/models/sentence-transformers/all-mpnet-base-v2/revision/main HTTP/1.1" 200 6803
2025-02-18 23:02:36,566 - DEBUG - https://huggingface.co:443 "GET /api/models/sentence-transformers/all-mpnet-base-v2 HTTP/1.1" 200 6803
2025-02-18 23:02:37,821 - DEBUG - Starting new HTTP connection (1): 44.210.142.78:9200
2025-02-18 23:02:38,147 - DEBUG - http://44.210.142.78:9200 "HEAD / HTTP/1.1" 200 0
2025-02-18 23:02:38,147 - INFO - HEAD http://44.210.142.78:9200/ [status:200 duration:0.326s]
2025-02-18 23:02:44,616 - DEBUG - http://44.210.142.78:9200 "POST /aerospace_index/_knn_search HTTP/1.1" 200 None
2025-02-18 23:02:44,617 - INFO - POST http://44.210.142.78:9200/aerospace_index/_knn_search [status:200 duration:6.468s]
2025-02-18 23:02:46,865 - INFO - Cumulative data for CPC code B64C: [(2005, 90), (2006, 186), (2007, 275), (2008, 382), (2009, 521), (2010, 711), (2011, 893), (2012, 1100), (2013, 1282), (2014, 1486), (2015, 1749), (2016, 2109), (2017, 2270), (2018, 2288)]
2025-02-18 23:02:46,924 - INFO - Cumulative data for CPC code B64D: [(2005, 81), (2006, 164), (2007, 248), (2008, 345), (2009, 474), (2010, 653), (2011, 800), (2012, 960), (2013, 1101), (2014, 1264), (2015, 1468), (2016, 1748), (2017, 1867), (2018, 1885)]
2025-02-18 23:02:46,986 - INFO - Cumulative data for CPC code G01S: [(2005, 53), (2006, 112), (2007, 195), (2008, 290), (2009, 386), (2010, 488), (2011, 601), (2012, 698), (2013, 779), (2014, 859), (2015, 952), (2016, 1042), (2017, 1086), (2018, 1091)]
2025-02-18 23:02:47,045 - INFO - Cumulative data for CPC code G08G: [(2005, 40), (2006, 75), (2007, 149), (2008, 233), (2009, 301), (2010, 423), (2011, 513), (2012, 594), (2013, 672), (2014, 735), (2015, 808), (2016, 949), (2017, 1019), (2018, 1027)]
2025-02-18 23:02:47,142 - INFO - Cumulative data for CPC code G05D: [(2005, 38), (2006, 69), (2007, 129), (2008, 199), (2009, 263), (2010, 355), (2011, 441), (2012, 525), (2013, 575), (2014, 601), (2015, 693), (2016, 855), (2017, 945), (2018, 958)]
2025-02-18 23:06:23,707 - INFO - Cumulative data for CPC code B64D: [(2005, 81), (2006, 164), (2007, 248), (2008, 345), (2009, 474), (2010, 653), (2011, 800), (2012, 960), (2013, 1101), (2014, 1264), (2015, 1468), (2016, 1748), (2017, 1867), (2018, 1885)]
2025-02-18 23:06:23,760 - INFO - Cumulative data for CPC code B64C: [(2005, 90), (2006, 186), (2007, 275), (2008, 382), (2009, 521), (2010, 711), (2011, 893), (2012, 1100), (2013, 1282), (2014, 1486), (2015, 1749), (2016, 2109), (2017, 2270), (2018, 2288)]
2025-02-18 23:06:23,831 - INFO - Cumulative data for CPC code G08G: [(2005, 40), (2006, 75), (2007, 149), (2008, 233), (2009, 301), (2010, 423), (2011, 513), (2012, 594), (2013, 672), (2014, 735), (2015, 808), (2016, 949), (2017, 1019), (2018, 1027)]
2025-02-18 23:06:23,887 - INFO - Cumulative data for CPC code G01S: [(2005, 53), (2006, 112), (2007, 195), (2008, 290), (2009, 386), (2010, 488), (2011, 601), (2012, 698), (2013, 779), (2014, 859), (2015, 952), (2016, 1042), (2017, 1086), (2018, 1091)]
2025-02-18 23:06:23,984 - INFO - Cumulative data for CPC code G05D: [(2005, 38), (2006, 69), (2007, 129), (2008, 199), (2009, 263), (2010, 355), (2011, 441), (2012, 525), (2013, 575), (2014, 601), (2015, 693), (2016, 855), (2017, 945), (2018, 958)]
2025-02-18 23:08:08,928 - INFO - Cumulative data for CPC code B64D: [(2005, 81), (2006, 164), (2007, 248), (2008, 345), (2009, 474), (2010, 653), (2011, 800), (2012, 960), (2013, 1101), (2014, 1264), (2015, 1468), (2016, 1748), (2017, 1867), (2018, 1885)]
2025-02-18 23:08:08,983 - INFO - Cumulative data for CPC code B64C: [(2005, 90), (2006, 186), (2007, 275), (2008, 382), (2009, 521), (2010, 711), (2011, 893), (2012, 1100), (2013, 1282), (2014, 1486), (2015, 1749), (2016, 2109), (2017, 2270), (2018, 2288)]
2025-02-18 23:08:09,054 - INFO - Cumulative data for CPC code G01S: [(2005, 53), (2006, 112), (2007, 195), (2008, 290), (2009, 386), (2010, 488), (2011, 601), (2012, 698), (2013, 779), (2014, 859), (2015, 952), (2016, 1042), (2017, 1086), (2018, 1091)]
2025-02-18 23:08:09,122 - INFO - Cumulative data for CPC code G08G: [(2005, 40), (2006, 75), (2007, 149), (2008, 233), (2009, 301), (2010, 423), (2011, 513), (2012, 594), (2013, 672), (2014, 735), (2015, 808), (2016, 949), (2017, 1019), (2018, 1027)]
2025-02-18 23:08:09,208 - INFO - Cumulative data for CPC code G05D: [(2005, 38), (2006, 69), (2007, 129), (2008, 199), (2009, 263), (2010, 355), (2011, 441), (2012, 525), (2013, 575), (2014, 601), (2015, 693), (2016, 855), (2017, 945), (2018, 958)]
2025-02-18 23:09:07,198 - INFO - Cumulative data for CPC code B64C: [(2005, 90), (2006, 186), (2007, 275), (2008, 382), (2009, 521), (2010, 711), (2011, 893), (2012, 1100), (2013, 1282), (2014, 1486), (2015, 1749), (2016, 2109), (2017, 2270), (2018, 2288)]
2025-02-18 23:09:07,247 - INFO - Cumulative data for CPC code B64D: [(2005, 81), (2006, 164), (2007, 248), (2008, 345), (2009, 474), (2010, 653), (2011, 800), (2012, 960), (2013, 1101), (2014, 1264), (2015, 1468), (2016, 1748), (2017, 1867), (2018, 1885)]
2025-02-18 23:09:07,322 - INFO - Cumulative data for CPC code G01S: [(2005, 53), (2006, 112), (2007, 195), (2008, 290), (2009, 386), (2010, 488), (2011, 601), (2012, 698), (2013, 779), (2014, 859), (2015, 952), (2016, 1042), (2017, 1086), (2018, 1091)]
2025-02-18 23:09:07,415 - INFO - Cumulative data for CPC code G05D: [(2005, 38), (2006, 69), (2007, 129), (2008, 199), (2009, 263), (2010, 355), (2011, 441), (2012, 525), (2013, 575), (2014, 601), (2015, 693), (2016, 855), (2017, 945), (2018, 958)]
2025-02-18 23:09:07,459 - INFO - Cumulative data for CPC code G08G: [(2005, 40), (2006, 75), (2007, 149), (2008, 233), (2009, 301), (2010, 423), (2011, 513), (2012, 594), (2013, 672), (2014, 735), (2015, 808), (2016, 949), (2017, 1019), (2018, 1027)]
2025-02-18 23:11:34,562 - INFO - Cumulative data for CPC code B64D: [(2005, 81), (2006, 164), (2007, 248), (2008, 345), (2009, 474), (2010, 653), (2011, 800), (2012, 960), (2013, 1101), (2014, 1264), (2015, 1468), (2016, 1748), (2017, 1867), (2018, 1885)]
2025-02-18 23:11:34,630 - INFO - Cumulative data for CPC code B64C: [(2005, 90), (2006, 186), (2007, 275), (2008, 382), (2009, 521), (2010, 711), (2011, 893), (2012, 1100), (2013, 1282), (2014, 1486), (2015, 1749), (2016, 2109), (2017, 2270), (2018, 2288)]
2025-02-18 23:11:34,699 - INFO - Cumulative data for CPC code G08G: [(2005, 40), (2006, 75), (2007, 149), (2008, 233), (2009, 301), (2010, 423), (2011, 513), (2012, 594), (2013, 672), (2014, 735), (2015, 808), (2016, 949), (2017, 1019), (2018, 1027)]
2025-02-18 23:11:34,754 - INFO - Cumulative data for CPC code G01S: [(2005, 53), (2006, 112), (2007, 195), (2008, 290), (2009, 386), (2010, 488), (2011, 601), (2012, 698), (2013, 779), (2014, 859), (2015, 952), (2016, 1042), (2017, 1086), (2018, 1091)]
2025-02-18 23:11:34,838 - INFO - Cumulative data for CPC code G05D: [(2005, 38), (2006, 69), (2007, 129), (2008, 199), (2009, 263), (2010, 355), (2011, 441), (2012, 525), (2013, 575), (2014, 601), (2015, 693), (2016, 855), (2017, 945), (2018, 958)]
2025-02-18 23:50:41,078 - INFO - Use pytorch device_name: cpu
2025-02-18 23:50:41,079 - INFO - Load pretrained SentenceTransformer: all-mpnet-base-v2
2025-02-18 23:50:41,082 - DEBUG - Starting new HTTPS connection (1): huggingface.co:443
2025-02-18 23:50:42,204 - DEBUG - https://huggingface.co:443 "HEAD /sentence-transformers/all-mpnet-base-v2/resolve/main/modules.json HTTP/1.1" 200 0
2025-02-18 23:50:42,381 - DEBUG - https://huggingface.co:443 "HEAD /sentence-transformers/all-mpnet-base-v2/resolve/main/config_sentence_transformers.json HTTP/1.1" 200 0
2025-02-18 23:50:42,550 - DEBUG - https://huggingface.co:443 "HEAD /sentence-transformers/all-mpnet-base-v2/resolve/main/README.md HTTP/1.1" 200 0
2025-02-18 23:50:42,734 - DEBUG - https://huggingface.co:443 "HEAD /sentence-transformers/all-mpnet-base-v2/resolve/main/modules.json HTTP/1.1" 200 0
2025-02-18 23:50:42,903 - DEBUG - https://huggingface.co:443 "HEAD /sentence-transformers/all-mpnet-base-v2/resolve/main/sentence_bert_config.json HTTP/1.1" 200 0
2025-02-18 23:50:43,073 - DEBUG - https://huggingface.co:443 "HEAD /sentence-transformers/all-mpnet-base-v2/resolve/main/config.json HTTP/1.1" 200 0
2025-02-18 23:50:43,420 - DEBUG - https://huggingface.co:443 "HEAD /sentence-transformers/all-mpnet-base-v2/resolve/main/tokenizer_config.json HTTP/1.1" 200 0
2025-02-18 23:50:43,712 - DEBUG - https://huggingface.co:443 "GET /api/models/sentence-transformers/all-mpnet-base-v2/revision/main HTTP/1.1" 200 6803
2025-02-18 23:50:43,893 - DEBUG - https://huggingface.co:443 "GET /api/models/sentence-transformers/all-mpnet-base-v2 HTTP/1.1" 200 6803
2025-02-18 23:50:45,276 - DEBUG - Starting new HTTP connection (1): 44.210.142.78:9200
2025-02-18 23:50:45,673 - DEBUG - http://44.210.142.78:9200 "HEAD / HTTP/1.1" 200 0
2025-02-18 23:50:45,673 - INFO - HEAD http://44.210.142.78:9200/ [status:200 duration:0.398s]
2025-02-18 23:50:51,103 - DEBUG - http://44.210.142.78:9200 "POST /aerospace_index/_knn_search HTTP/1.1" 200 None
2025-02-18 23:50:51,104 - INFO - POST http://44.210.142.78:9200/aerospace_index/_knn_search [status:200 duration:5.428s]
2025-02-18 23:50:53,677 - INFO - Cumulative data for CPC code B64C: [(2005, 90), (2006, 186), (2007, 275), (2008, 382), (2009, 521), (2010, 711), (2011, 893), (2012, 1100), (2013, 1282), (2014, 1486), (2015, 1749), (2016, 2109), (2017, 2270), (2018, 2288)]
2025-02-18 23:50:53,780 - INFO - Cumulative data for CPC code B64D: [(2005, 81), (2006, 164), (2007, 248), (2008, 345), (2009, 474), (2010, 653), (2011, 800), (2012, 960), (2013, 1101), (2014, 1264), (2015, 1468), (2016, 1748), (2017, 1867), (2018, 1885)]
2025-02-18 23:50:53,872 - INFO - Cumulative data for CPC code G01S: [(2005, 53), (2006, 112), (2007, 195), (2008, 290), (2009, 386), (2010, 488), (2011, 601), (2012, 698), (2013, 779), (2014, 859), (2015, 952), (2016, 1042), (2017, 1086), (2018, 1091)]
2025-02-18 23:50:53,930 - INFO - Cumulative data for CPC code G08G: [(2005, 40), (2006, 75), (2007, 149), (2008, 233), (2009, 301), (2010, 423), (2011, 513), (2012, 594), (2013, 672), (2014, 735), (2015, 808), (2016, 949), (2017, 1019), (2018, 1027)]
2025-02-18 23:50:54,026 - INFO - Cumulative data for CPC code G05D: [(2005, 38), (2006, 69), (2007, 129), (2008, 199), (2009, 263), (2010, 355), (2011, 441), (2012, 525), (2013, 575), (2014, 601), (2015, 693), (2016, 855), (2017, 945), (2018, 958)]
2025-02-18 23:52:55,566 - INFO - Cumulative data for CPC code B64C: [(2005, 90), (2006, 186), (2007, 275), (2008, 382), (2009, 521), (2010, 711), (2011, 893), (2012, 1100), (2013, 1282), (2014, 1486), (2015, 1749), (2016, 2109), (2017, 2270), (2018, 2288)]
2025-02-18 23:52:55,622 - INFO - Cumulative data for CPC code B64D: [(2005, 81), (2006, 164), (2007, 248), (2008, 345), (2009, 474), (2010, 653), (2011, 800), (2012, 960), (2013, 1101), (2014, 1264), (2015, 1468), (2016, 1748), (2017, 1867), (2018, 1885)]
2025-02-18 23:52:55,711 - INFO - Cumulative data for CPC code G01S: [(2005, 53), (2006, 112), (2007, 195), (2008, 290), (2009, 386), (2010, 488), (2011, 601), (2012, 698), (2013, 779), (2014, 859), (2015, 952), (2016, 1042), (2017, 1086), (2018, 1091)]
2025-02-18 23:52:55,767 - INFO - Cumulative data for CPC code G08G: [(2005, 40), (2006, 75), (2007, 149), (2008, 233), (2009, 301), (2010, 423), (2011, 513), (2012, 594), (2013, 672), (2014, 735), (2015, 808), (2016, 949), (2017, 1019), (2018, 1027)]
2025-02-18 23:52:55,851 - INFO - Cumulative data for CPC code G05D: [(2005, 38), (2006, 69), (2007, 129), (2008, 199), (2009, 263), (2010, 355), (2011, 441), (2012, 525), (2013, 575), (2014, 601), (2015, 693), (2016, 855), (2017, 945), (2018, 958)]
2025-02-18 23:53:48,709 - INFO - Cumulative data for CPC code G05D: [(2005, 38), (2006, 69), (2007, 129), (2008, 199), (2009, 263), (2010, 355), (2011, 441), (2012, 525), (2013, 575), (2014, 601), (2015, 693), (2016, 855), (2017, 945), (2018, 958)]
2025-02-18 23:56:02,194 - INFO - Cumulative data for CPC code B64C: [(2005, 90), (2006, 186), (2007, 275), (2008, 382), (2009, 521), (2010, 711), (2011, 893), (2012, 1100), (2013, 1282), (2014, 1486), (2015, 1749), (2016, 2109), (2017, 2270), (2018, 2288)]
2025-02-18 23:56:02,251 - INFO - Cumulative data for CPC code B64D: [(2005, 81), (2006, 164), (2007, 248), (2008, 345), (2009, 474), (2010, 653), (2011, 800), (2012, 960), (2013, 1101), (2014, 1264), (2015, 1468), (2016, 1748), (2017, 1867), (2018, 1885)]
2025-02-18 23:56:02,329 - INFO - Cumulative data for CPC code G08G: [(2005, 40), (2006, 75), (2007, 149), (2008, 233), (2009, 301), (2010, 423), (2011, 513), (2012, 594), (2013, 672), (2014, 735), (2015, 808), (2016, 949), (2017, 1019), (2018, 1027)]
2025-02-18 23:56:02,393 - INFO - Cumulative data for CPC code G01S: [(2005, 53), (2006, 112), (2007, 195), (2008, 290), (2009, 386), (2010, 488), (2011, 601), (2012, 698), (2013, 779), (2014, 859), (2015, 952), (2016, 1042), (2017, 1086), (2018, 1091)]
2025-02-18 23:56:02,493 - INFO - Cumulative data for CPC code G05D: [(2005, 38), (2006, 69), (2007, 129), (2008, 199), (2009, 263), (2010, 355), (2011, 441), (2012, 525), (2013, 575), (2014, 601), (2015, 693), (2016, 855), (2017, 945), (2018, 958)]
2025-02-18 23:56:26,831 - INFO - Cumulative data for CPC code B64C: [(2005, 90), (2006, 186), (2007, 275), (2008, 382), (2009, 521), (2010, 711), (2011, 893), (2012, 1100), (2013, 1282), (2014, 1486), (2015, 1749), (2016, 2109), (2017, 2270), (2018, 2288)]
